Drill Listing
=============
Drill: .035  Tool: 1  Feed: 197  Speed: 550
X 120157  Y 40000
X 120157  Y 32125
X 130000  Y 40000
X 130000  Y 32125
X 238000  Y 240000
X 238000  Y 250000
X 238000  Y 260000
X 187500  Y 280000
X 187500  Y 290000
X 197500  Y 290000
X 197500  Y 280000
X 207500  Y 280000
X 207500  Y 290000
Drill: .037  Tool: 2  Feed: 197  Speed: 550
X 65000  Y 75000
X 112500  Y 90000
X 140000  Y 72500
X 145000  Y 77500
X 145000  Y 50000
X 160000  Y 62500
X 222500  Y 117500
X 142500  Y 100000
X 140000  Y 92500
X 127500  Y 107500
X 92500  Y 120000
X 167500  Y 172500
X 170000  Y 165000
X 172500  Y 150000
X 175000  Y 172500
X 175000  Y 185000
X 185000  Y 152500
X 192500  Y 155000
X 200000  Y 160000
X 217500  Y 165000
X 217500  Y 190000
X 217500  Y 180000
X 222500  Y 172500
X 225000  Y 185000
X 225000  Y 155000
X 225000  Y 165000
X 232500  Y 192500
X 230000  Y 220000
X 217500  Y 227500
X 207500  Y 240000
X 202500  Y 230000
X 202500  Y 205000
X 200000  Y 192500
X 197500  Y 235000
X 192500  Y 197500
X 177500  Y 240000
X 167500  Y 217500
X 160000  Y 227500
X 147500  Y 230000
X 125000  Y 235000
X 95000  Y 230000
X 65000  Y 230000
X 65000  Y 245000
X 92500  Y 252500
X 122500  Y 262500
X 147500  Y 265000
X 152500  Y 252500
X 155000  Y 265000
X 160000  Y 250000
X 175000  Y 262500
X 177500  Y 247500
X 185000  Y 242500
X 185000  Y 257500
X 202500  Y 260000
X 202500  Y 247500
X 222500  Y 265000
X 217500  Y 275000
X 210000  Y 267500
X 127500  Y 270000
X 112500  Y 277500
X 107500  Y 267500
X 65000  Y 285000
Drill: .041  Tool: 3  Feed: 139  Speed: 550
X 137500  Y 122500
X 147500  Y 122500
X 157500  Y 122500
Drill: .04724  Tool: 4  Feed: 139  Speed: 550
X 237000  Y 35000
X 237000  Y 15314
X 238000  Y 115000
X 238000  Y 134685
X 237000  Y 160314
X 237000  Y 180000
X 13000  Y 180000
X 13000  Y 199685
X 13000  Y 225000
X 13000  Y 244685
X 237000  Y 200314
X 237000  Y 220000
Drill: .05118  Tool: 5  Feed: 107  Speed: 550
X 88129  Y 147500
X 107814  Y 147500
X 127500  Y 147500
X 117657  Y 216397
X 97972  Y 216397
Drill: .08701  Tool: 6  Feed: 74  Speed: 550
X 78696  Y 188838
X 136948  Y 188838
Drill: .09843  Tool: 7  Feed: 66  Speed: 550
X 101377  Y 21496
X 148779  Y 21496
Drill: .1875  Tool: 8  Feed: 35  Speed: 1033
X 12000  Y 82000
X 238500  Y 82000
X 238500  Y 282000
X 12000  Y 282000
End of Listing
