Drill Listing
=============
Drill: .035  Tool: 1  Feed: 197  Speed: 550
X 00047500  Y 00017500
X 00135000  Y 00017500
X 00182500  Y 00042814
X 00192500  Y 00042814
X 00202500  Y 00042814
X 00212500  Y 00042814
X 00222500  Y 00017500
X 00222500  Y 00042814
X 00232500  Y 00042814
X 00242500  Y 00042814
X 00252500  Y 00042814
X 00280000  Y 00042814
X 00290000  Y 00042814
X 00300000  Y 00042814
X 00310000  Y 00017500
X 00310000  Y 00042814
X 00320000  Y 00042814
X 00330000  Y 00042814
X 00337500  Y 00017500
X 00340000  Y 00042814
X 00350000  Y 00042814
X 00376574  Y 00043307
X 00350000  Y 00092185
X 00340000  Y 00092185
X 00330000  Y 00092185
X 00320000  Y 00092185
X 00310000  Y 00092185
X 00300000  Y 00092185
X 00290000  Y 00092185
X 00280000  Y 00092185
X 00252500  Y 00092185
X 00242500  Y 00092185
X 00232500  Y 00092185
X 00222500  Y 00092185
X 00212500  Y 00092185
X 00202500  Y 00092185
X 00192500  Y 00092185
X 00182500  Y 00092185
X 00017224  Y 00063750
X 00015000  Y 00115314
X 00025000  Y 00115314
X 00035000  Y 00115314
X 00045000  Y 00115314
X 00055000  Y 00115314
X 00065000  Y 00115314
X 00075000  Y 00115314
X 00085000  Y 00115314
X 00112500  Y 00115314
X 00122500  Y 00115314
X 00132500  Y 00115314
X 00142500  Y 00115314
X 00152500  Y 00115314
X 00162500  Y 00115314
X 00172500  Y 00115314
X 00182500  Y 00115314
X 00376574  Y 00125984
X 00376574  Y 00169291
X 00182500  Y 00164685
X 00172500  Y 00164685
X 00162500  Y 00164685
X 00152500  Y 00164685
X 00142500  Y 00164685
X 00132500  Y 00164685
X 00122500  Y 00164685
X 00112500  Y 00164685
X 00085000  Y 00164685
X 00075000  Y 00164685
X 00065000  Y 00164685
X 00055000  Y 00164685
X 00045000  Y 00164685
X 00035000  Y 00164685
X 00025000  Y 00164685
X 00015000  Y 00164685
X 00088582  Y 00185039
X 00088582  Y 00195039
X 00098582  Y 00185039
X 00098582  Y 00195039
X 00108582  Y 00185039
X 00108582  Y 00195039
X 00118582  Y 00185039
X 00118582  Y 00195039
X 00128582  Y 00185039
X 00128582  Y 00195039
X 00138582  Y 00185039
X 00138582  Y 00195039
X 00148582  Y 00185039
X 00148582  Y 00195039
X 00158582  Y 00185039
X 00158582  Y 00195039
X 00168582  Y 00185039
X 00168582  Y 00195039
X 00178582  Y 00185039
X 00178582  Y 00195039
X 00188582  Y 00185039
X 00188582  Y 00195039
X 00198582  Y 00185039
X 00198582  Y 00195039
X 00208582  Y 00185039
X 00208582  Y 00195039
X 00218582  Y 00185039
X 00218582  Y 00195039
X 00228582  Y 00185039
X 00228582  Y 00195039
X 00238582  Y 00185039
X 00238582  Y 00195039
X 00248582  Y 00185039
X 00248582  Y 00195039
X 00258582  Y 00185039
X 00258582  Y 00195039
X 00268582  Y 00185039
X 00268582  Y 00195039
X 00278582  Y 00185039
X 00278582  Y 00195039
X 00288582  Y 00185039
X 00288582  Y 00195039
X 00298582  Y 00185039
X 00298582  Y 00195039
X 00308582  Y 00185039
X 00308582  Y 00195039
X 00376574  Y 00212598
X 00376574  Y 00255905
X 00155000  Y 00270000
X 00155000  Y 00279842
X 00147125  Y 00279842
X 00147125  Y 00270000
X 00088582  Y 00374015
X 00098582  Y 00374015
X 00108582  Y 00374015
X 00118582  Y 00374015
X 00128582  Y 00374015
X 00138582  Y 00374015
X 00148582  Y 00374015
X 00158582  Y 00374015
X 00168582  Y 00374015
X 00178582  Y 00374015
X 00188582  Y 00374015
X 00198582  Y 00374015
X 00208582  Y 00374015
X 00218582  Y 00374015
X 00228582  Y 00374015
X 00238582  Y 00374015
X 00248582  Y 00374015
X 00258582  Y 00374015
X 00268582  Y 00374015
X 00278582  Y 00374015
X 00288582  Y 00374015
X 00298582  Y 00374015
X 00308582  Y 00374015
X 00308582  Y 00384015
X 00298582  Y 00384015
X 00288582  Y 00384015
X 00278582  Y 00384015
X 00268582  Y 00384015
X 00258582  Y 00384015
X 00248582  Y 00384015
X 00238582  Y 00384015
X 00228582  Y 00384015
X 00218582  Y 00384015
X 00208582  Y 00384015
X 00198582  Y 00384015
X 00188582  Y 00384015
X 00178582  Y 00384015
X 00168582  Y 00384015
X 00158582  Y 00384015
X 00148582  Y 00384015
X 00138582  Y 00384015
X 00128582  Y 00384015
X 00118582  Y 00384015
X 00108582  Y 00384015
X 00098582  Y 00384015
X 00088582  Y 00384015
Drill: .037  Tool: 2  Feed: 197  Speed: 550
X 00040314  Y 00047874
X 00181417  Y 00032755
X 00206614  Y 00035275
X 00219212  Y 00032755
X 00226771  Y 00032755
X 00239370  Y 00035275
X 00249448  Y 00007559
X 00249448  Y 00030236
X 00254488  Y 00055433
X 00257007  Y 00035275
X 00264566  Y 00052913
X 00269606  Y 00047874
X 00274645  Y 00032755
X 00282204  Y 00030236
X 00302362  Y 00032755
X 00312440  Y 00035275
X 00327559  Y 00032755
X 00337637  Y 00025196
X 00345196  Y 00025196
X 00352755  Y 00050393
X 00357795  Y 00010078
X 00360314  Y 00030236
X 00362834  Y 00040314
X 00370393  Y 00047874
X 00385511  Y 00057952
X 00357795  Y 00057952
X 00357795  Y 00075590
X 00352755  Y 00080629
X 00347716  Y 00068031
X 00314960  Y 00062992
X 00307401  Y 00065511
X 00299842  Y 00073070
X 00294803  Y 00068031
X 00282204  Y 00065511
X 00277165  Y 00070551
X 00267086  Y 00060472
X 00262047  Y 00075590
X 00254488  Y 00080629
X 00249448  Y 00062992
X 00216692  Y 00068031
X 00206614  Y 00065511
X 00178897  Y 00070551
X 00173858  Y 00062992
X 00171338  Y 00075590
X 00156220  Y 00070551
X 00113385  Y 00070551
X 00065511  Y 00088188
X 00075590  Y 00103307
X 00080629  Y 00095748
X 00085669  Y 00100787
X 00093228  Y 00095748
X 00118425  Y 00103307
X 00125984  Y 00098267
X 00158740  Y 00083149
X 00171338  Y 00083149
X 00214173  Y 00105826
X 00224251  Y 00085669
X 00226771  Y 00103307
X 00234330  Y 00100787
X 00241889  Y 00085669
X 00244409  Y 00100787
X 00259527  Y 00103307
X 00262047  Y 00085669
X 00274645  Y 00100787
X 00282204  Y 00100787
X 00289763  Y 00100787
X 00304881  Y 00105826
X 00320000  Y 00085669
X 00322519  Y 00100787
X 00327559  Y 00085669
X 00330078  Y 00100787
X 00340157  Y 00085669
X 00345196  Y 00105826
X 00347716  Y 00085669
X 00382992  Y 00088188
X 00382992  Y 00108346
X 00362834  Y 00108346
X 00357795  Y 00118425
X 00347716  Y 00128503
X 00299842  Y 00123464
X 00297322  Y 00108346
X 00284724  Y 00131023
X 00244409  Y 00131023
X 00199055  Y 00128503
X 00191496  Y 00118425
X 00161259  Y 00108346
X 00141102  Y 00108346
X 00128503  Y 00108346
X 00088188  Y 00128503
X 00070551  Y 00108346
X 00022677  Y 00108346
X 00010078  Y 00136062
X 00015118  Y 00156220
X 00022677  Y 00141102
X 00032755  Y 00143622
X 00035275  Y 00136062
X 00040314  Y 00143622
X 00050393  Y 00143622
X 00080629  Y 00136062
X 00088188  Y 00148661
X 00090708  Y 00156220
X 00110866  Y 00136062
X 00115905  Y 00143622
X 00133543  Y 00141102
X 00143622  Y 00143622
X 00148661  Y 00138582
X 00176377  Y 00136062
X 00186456  Y 00156220
X 00191496  Y 00136062
X 00194015  Y 00148661
X 00209133  Y 00143622
X 00221732  Y 00153700
X 00267086  Y 00156220
X 00274645  Y 00148661
X 00322519  Y 00151181
X 00330078  Y 00153700
X 00347716  Y 00141102
X 00350236  Y 00151181
X 00367874  Y 00181417
X 00350236  Y 00171338
X 00342677  Y 00161259
X 00332598  Y 00166299
X 00322519  Y 00173858
X 00320000  Y 00166299
X 00309921  Y 00166299
X 00299842  Y 00166299
X 00289763  Y 00166299
X 00277165  Y 00171338
X 00269606  Y 00173858
X 00259527  Y 00176377
X 00249448  Y 00173858
X 00244409  Y 00163779
X 00234330  Y 00171338
X 00204094  Y 00171338
X 00194015  Y 00176377
X 00188976  Y 00163779
X 00171338  Y 00171338
X 00156220  Y 00171338
X 00148661  Y 00173858
X 00113385  Y 00171338
X 00080629  Y 00178897
X 00073070  Y 00178897
X 00065511  Y 00171338
X 00045354  Y 00176377
X 00065511  Y 00206614
X 00088188  Y 00201574
X 00100787  Y 00204094
X 00148661  Y 00204094
X 00204094  Y 00201574
X 00211653  Y 00201574
X 00219212  Y 00204094
X 00226771  Y 00201574
X 00244409  Y 00201574
X 00254488  Y 00201574
X 00274645  Y 00206614
X 00289763  Y 00201574
X 00299842  Y 00206614
X 00309921  Y 00204094
X 00332598  Y 00194015
X 00340157  Y 00186456
X 00342677  Y 00196535
X 00362834  Y 00194015
X 00360314  Y 00224251
X 00345196  Y 00224251
X 00332598  Y 00219212
X 00317480  Y 00214173
X 00307401  Y 00216692
X 00307401  Y 00224251
X 00264566  Y 00209133
X 00241889  Y 00231811
X 00236850  Y 00209133
X 00231811  Y 00221732
X 00224251  Y 00224251
X 00211653  Y 00209133
X 00206614  Y 00229291
X 00158740  Y 00221732
X 00158740  Y 00214173
X 00138582  Y 00214173
X 00138582  Y 00221732
X 00133543  Y 00229291
X 00123464  Y 00214173
X 00103307  Y 00216692
X 00098267  Y 00224251
X 00085669  Y 00224251
X 00047874  Y 00229291
X 00035275  Y 00229291
X 00022677  Y 00219212
X 00166299  Y 00236850
X 00168818  Y 00244409
X 00173858  Y 00236850
X 00176377  Y 00246929
X 00183937  Y 00241889
X 00209133  Y 00239370
X 00214173  Y 00234330
X 00229291  Y 00241889
X 00236850  Y 00257007
X 00244409  Y 00241889
X 00251968  Y 00246929
X 00259527  Y 00241889
X 00267086  Y 00246929
X 00282204  Y 00241889
X 00284724  Y 00251968
X 00289763  Y 00244409
X 00294803  Y 00254488
X 00299842  Y 00234330
X 00304881  Y 00244409
X 00307401  Y 00251968
X 00314960  Y 00241889
X 00317480  Y 00257007
X 00322519  Y 00246929
X 00332598  Y 00234330
X 00340157  Y 00241889
X 00345196  Y 00236850
X 00365354  Y 00249448
X 00365354  Y 00274645
X 00357795  Y 00279685
X 00340157  Y 00267086
X 00330078  Y 00274645
X 00320000  Y 00274645
X 00309921  Y 00277165
X 00294803  Y 00277165
X 00289763  Y 00259527
X 00287244  Y 00279685
X 00277165  Y 00267086
X 00269606  Y 00269606
X 00269606  Y 00262047
X 00257007  Y 00269606
X 00254488  Y 00259527
X 00249448  Y 00274645
X 00194015  Y 00269606
X 00173858  Y 00279685
X 00166299  Y 00269606
X 00161259  Y 00274645
X 00113385  Y 00302362
X 00176377  Y 00299842
X 00246929  Y 00284724
X 00254488  Y 00304881
X 00267086  Y 00287244
X 00269606  Y 00294803
X 00284724  Y 00292283
X 00292283  Y 00284724
X 00292283  Y 00299842
X 00299842  Y 00299842
X 00302362  Y 00292283
X 00314960  Y 00287244
X 00317480  Y 00307401
X 00317480  Y 00297322
X 00325039  Y 00287244
X 00325039  Y 00294803
X 00325039  Y 00302362
X 00345196  Y 00304881
X 00347716  Y 00294803
X 00352755  Y 00317480
X 00345196  Y 00312440
X 00342677  Y 00325039
X 00327559  Y 00320000
X 00320000  Y 00320000
X 00309921  Y 00312440
X 00307401  Y 00320000
X 00299842  Y 00320000
X 00299842  Y 00309921
X 00292283  Y 00320000
X 00289763  Y 00309921
X 00284724  Y 00320000
X 00272125  Y 00325039
X 00251968  Y 00312440
X 00246929  Y 00330078
X 00244409  Y 00317480
X 00229291  Y 00325039
X 00221732  Y 00327559
X 00173858  Y 00309921
X 00151181  Y 00317480
X 00141102  Y 00330078
X 00103307  Y 00362834
X 00161259  Y 00340157
X 00173858  Y 00362834
X 00194015  Y 00335118
X 00254488  Y 00340157
X 00277165  Y 00335118
X 00279685  Y 00350236
X 00287244  Y 00340157
X 00294803  Y 00340157
X 00307401  Y 00335118
X 00314960  Y 00340157
X 00322519  Y 00350236
X 00337637  Y 00352755
X 00342677  Y 00332598
X 00342677  Y 00385511
Drill: .03937  Tool: 3  Feed: 197  Speed: 550
X 00092519  Y 00048700
X 00092519  Y 00058700
X 00092519  Y 00068700
X 00219212  Y 00136062
X 00219212  Y 00146062
X 00229212  Y 00136062
X 00229212  Y 00146062
X 00239212  Y 00136062
X 00239212  Y 00146062
X 00249212  Y 00136062
X 00249212  Y 00146062
X 00259212  Y 00136062
X 00259212  Y 00146062
X 00317480  Y 00136062
X 00317480  Y 00146062
X 00327480  Y 00146062
X 00327480  Y 00136062
X 00337480  Y 00146062
X 00337480  Y 00136062
Drill: .04  Tool: 4  Feed: 139  Speed: 550
X 00057500  Y 00017500
X 00067500  Y 00017500
X 00077500  Y 00017500
X 00087500  Y 00017500
X 00097500  Y 00017500
X 00107500  Y 00017500
X 00117500  Y 00017500
X 00145000  Y 00017500
X 00155000  Y 00017500
X 00165000  Y 00017500
X 00175000  Y 00017500
X 00185000  Y 00017500
X 00195000  Y 00017500
X 00205000  Y 00017500
X 00232500  Y 00017500
X 00242500  Y 00017500
X 00252500  Y 00017500
X 00262500  Y 00017500
X 00272500  Y 00017500
X 00282500  Y 00017500
X 00292500  Y 00017500
X 00320000  Y 00017500
X 00347500  Y 00017500
X 00376574  Y 00053307
X 00376574  Y 00063307
X 00376574  Y 00073307
X 00376574  Y 00083307
X 00376574  Y 00093307
X 00376574  Y 00103307
X 00017224  Y 00053750
X 00376574  Y 00113307
X 00376574  Y 00135984
X 00376574  Y 00145984
X 00376574  Y 00155984
X 00376574  Y 00179291
X 00376574  Y 00199291
X 00376574  Y 00189291
X 00376574  Y 00222598
X 00376574  Y 00232598
X 00376574  Y 00242598
X 00376574  Y 00265905
X 00376574  Y 00275905
X 00376574  Y 00285905
Drill: .09843  Tool: 5  Feed: 066  Speed: 550
X 00136496  Y 00251220
X 00136496  Y 00298622
Drill: .13189  Tool: 6  Feed: 035  Speed: 794
X 00019685  Y 00019685
X 00374015  Y 00019685
X 00374015  Y 00374015
X 00019685  Y 00374015
End of Listing
