Drill Listing
=============
Drill: .035  Tool: 1  Feed: 197  Speed: 550
X 40000  Y 60000
X 40000  Y 70000
X 40000  Y 80000
X 210000  Y 20000
X 210000  Y 30000
X 220000  Y 30000
X 220000  Y 20000
X 230000  Y 20000
X 230000  Y 30000
X 290000  Y 79842
X 290000  Y 70000
X 297874  Y 79842
X 297874  Y 70000
X 40000  Y 90000
X 40000  Y 120000
X 40000  Y 130000
X 40000  Y 110000
X 40000  Y 140000
X 145000  Y 237000
X 155000  Y 237000
X 165000  Y 237000
Drill: .037  Tool: 2  Feed: 197  Speed: 550
X 98750  Y 25000
X 98750  Y 37500
X 106250  Y 12500
X 115000  Y 6250
X 126250  Y 42500
X 140000  Y 45000
X 145000  Y 36250
X 148750  Y 25000
X 148750  Y 45000
X 160000  Y 25000
X 173750  Y 46250
X 175000  Y 18750
X 185000  Y 50000
X 192500  Y 33750
X 198750  Y 31250
X 207500  Y 43750
X 236250  Y 91250
X 213750  Y 96250
X 200000  Y 70000
X 166250  Y 58750
X 163750  Y 97500
X 156250  Y 65000
X 150000  Y 58750
X 148750  Y 91250
X 122500  Y 80000
X 86250  Y 82500
X 115000  Y 131250
X 121250  Y 123750
X 131250  Y 152500
X 161250  Y 152500
X 192500  Y 111250
X 196250  Y 106250
X 213750  Y 117500
X 248750  Y 148750
X 261250  Y 123750
X 232500  Y 170000
X 181250  Y 190000
X 166250  Y 185000
X 162500  Y 190000
X 158750  Y 172500
X 155000  Y 181250
X 152500  Y 196250
X 128750  Y 190000
X 106250  Y 162500
X 70000  Y 187500
X 187500  Y 231250
Drill: .04724  Tool: 3  Feed: 139  Speed: 550
X 40250  Y 167814
X 40250  Y 187500
X 114685  Y 237000
X 95000  Y 237000
X 74685  Y 237000
X 55000  Y 237000
Drill: .09843  Tool: 4  Feed: 66  Speed: 550
X 308503  Y 51220
X 308503  Y 98622
Drill: .125  Tool: 5  Feed: 35  Speed: 794
X 20000  Y 20000
X 330000  Y 20000
X 330000  Y 230000
X 20000  Y 230000
Drill: .13386  Tool: 6  Feed: 35  Speed: 794
X 304311  Y 131496
X 316122  Y 150000
Drill: .14961  Tool: 7  Feed: 35  Speed: 900
X 292500  Y 150000
End of Listing
