Drill Listing
=============
Drill: .035  Tool: 1  Feed: 197  Speed: 550
X 1235314  Y 1755000
X 1235314  Y 1765000
X 1235314  Y 1775000
X 1235314  Y 1785000
X 1235314  Y 1795000
X 1235314  Y 1805000
X 1235314  Y 1815000
X 1235314  Y 1825000
X 1230000  Y 1865000
X 1220000  Y 1865000
X 1230000  Y 1875000
X 1220000  Y 1875000
X 1230000  Y 1885000
X 1220000  Y 1885000
X 1230000  Y 1895000
X 1220000  Y 1895000
X 1230000  Y 1905000
X 1220000  Y 1905000
X 1230000  Y 1915000
X 1220000  Y 1915000
X 1230000  Y 1925000
X 1220000  Y 1925000
X 1230000  Y 1935000
X 1220000  Y 1935000
X 1230000  Y 1945000
X 1220000  Y 1945000
X 1230000  Y 1955000
X 1220000  Y 1955000
X 1230000  Y 1965000
X 1220000  Y 1965000
X 1230000  Y 1975000
X 1220000  Y 1975000
X 1242125  Y 2040000
X 1242125  Y 2049842
X 1250000  Y 2049842
X 1250000  Y 2040000
X 1290000  Y 1960000
X 1290000  Y 1950000
X 1290000  Y 1940000
X 1284685  Y 1825000
X 1284685  Y 1815000
X 1284685  Y 1805000
X 1284685  Y 1795000
X 1284685  Y 1785000
X 1284685  Y 1775000
X 1284685  Y 1765000
X 1284685  Y 1755000
X 1325314  Y 1755000
X 1325314  Y 1765000
X 1325314  Y 1775000
X 1325314  Y 1785000
X 1325314  Y 1795000
X 1325314  Y 1805000
X 1325314  Y 1815000
X 1325314  Y 1825000
X 1300000  Y 1940000
X 1300000  Y 1950000
X 1300000  Y 1960000
X 1374685  Y 1825000
X 1374685  Y 1815000
X 1374685  Y 1805000
X 1374685  Y 1795000
X 1374685  Y 1785000
X 1374685  Y 1775000
X 1374685  Y 1765000
X 1374685  Y 1755000
X 1485314  Y 1755000
X 1485314  Y 1765000
X 1485314  Y 1775000
X 1485314  Y 1785000
X 1485314  Y 1795000
X 1485314  Y 1805000
X 1485314  Y 1815000
X 1485314  Y 1825000
X 1534685  Y 1825000
X 1534685  Y 1815000
X 1534685  Y 1805000
X 1534685  Y 1795000
X 1534685  Y 1785000
X 1534685  Y 1775000
X 1534685  Y 1765000
X 1534685  Y 1755000
X 1575314  Y 1755000
X 1624685  Y 1755000
X 1624685  Y 1765000
X 1575314  Y 1765000
X 1575314  Y 1775000
X 1624685  Y 1775000
X 1575314  Y 1785000
X 1624685  Y 1785000
X 1624685  Y 1795000
X 1575314  Y 1795000
X 1624685  Y 1805000
X 1575314  Y 1805000
X 1624685  Y 1815000
X 1575314  Y 1815000
X 1624685  Y 1825000
X 1575314  Y 1825000
X 1630000  Y 1912165
X 1630000  Y 1935000
Drill: .037  Tool: 2  Feed: 197  Speed: 550
X 1290000  Y 1848000
X 1289500  Y 1893000
X 1293500  Y 1902000
X 1241000  Y 1909000
X 1242500  Y 1920000
X 1288000  Y 2033500
X 1294000  Y 2037000
X 1284000  Y 2049000
X 1288000  Y 2073000
X 1261500  Y 2099000
X 1351500  Y 2099000
X 1322500  Y 1940500
X 1307500  Y 1922000
X 1295500  Y 1920500
X 1360000  Y 1920000
X 1312000  Y 1902000
X 1382000  Y 1717000
X 1382000  Y 1893000
X 1377500  Y 1900500
X 1372500  Y 1910500
X 1388000  Y 1918000
X 1381500  Y 1918000
X 1377000  Y 1924500
X 1391000  Y 1931500
X 1386500  Y 1936000
X 1386500  Y 1942500
X 1378000  Y 1945000
X 1383500  Y 1953000
X 1391500  Y 1959000
X 1383000  Y 1965500
X 1387500  Y 1988000
X 1392000  Y 2026500
X 1375000  Y 2052000
X 1408500  Y 2106500
X 1441500  Y 2099000
X 1423000  Y 2053000
X 1413000  Y 2048500
X 1419000  Y 2047000
X 1427500  Y 2047000
X 1436500  Y 2034000
X 1432000  Y 2029500
X 1440000  Y 2019500
X 1398000  Y 2015500
X 1423000  Y 2013000
X 1418000  Y 1973000
X 1430000  Y 1968500
X 1422500  Y 1968000
X 1407500  Y 1967000
X 1433000  Y 1954000
X 1439500  Y 1954000
X 1412500  Y 1954000
X 1418000  Y 1950500
X 1406000  Y 1950000
X 1418000  Y 1937000
X 1411500  Y 1934500
X 1417500  Y 1929500
X 1407000  Y 1918000
X 1406000  Y 1911500
X 1424000  Y 1906500
X 1437500  Y 1906500
X 1431000  Y 1906500
X 1416500  Y 1906000
X 1424000  Y 1893000
X 1428000  Y 1888000
X 1436500  Y 1888000
X 1441000  Y 1869500
X 1422000  Y 1866000
X 1418000  Y 1755000
X 1435500  Y 1751000
X 1442000  Y 1730000
X 1448500  Y 1758000
X 1456500  Y 1762000
X 1460500  Y 1767500
X 1468000  Y 1777500
X 1452500  Y 1798500
X 1467500  Y 1809000
X 1445000  Y 1858000
X 1445000  Y 1882500
X 1447500  Y 1889000
X 1467000  Y 1917000
X 1454000  Y 1918000
X 1467000  Y 1927000
X 1453000  Y 1927000
X 1451500  Y 1935500
X 1467000  Y 1936500
X 1467000  Y 1943500
X 1452500  Y 1944000
X 1445000  Y 1949000
X 1459000  Y 1959000
X 1447000  Y 1967500
X 1445500  Y 1974500
X 1446000  Y 2015500
X 1471000  Y 1953000
X 1479000  Y 1952500
X 1475500  Y 1947000
X 1482000  Y 1943000
X 1471500  Y 1931500
X 1471000  Y 1922000
X 1481000  Y 1906500
X 1518500  Y 1899000
X 1519500  Y 1891500
X 1513000  Y 1890500
X 1496000  Y 1880000
X 1472500  Y 1817500
X 1472500  Y 1802500
X 1494000  Y 1792500
X 1477500  Y 1771500
X 1556000  Y 1880000
X 1538500  Y 1895500
X 1525500  Y 1903000
X 1608500  Y 1960000
X 1612500  Y 1965000
X 1619500  Y 1965500
X 1583000  Y 1968000
X 1533000  Y 2031500
X 1623000  Y 2067500
X 1631000  Y 2000000
X 1710000  Y 1938500
X 1710000  Y 1898500
X 1623500  Y 1880000
X 1710000  Y 1858500
X 1710000  Y 1738500
X 1668500  Y 1730000
X 1627000  Y 1726000
X 1725000  Y 1758500
Drill: .03937  Tool: 3  Feed: 197  Speed: 550
X 1230000  Y 1710000
X 1249685  Y 1710000
X 1269370  Y 1710000
X 1289055  Y 1710000
X 1230000  Y 2120000
X 1249685  Y 2120000
X 1289055  Y 2120000
X 1269370  Y 2120000
X 1320000  Y 2120000
X 1339685  Y 2120000
X 1359370  Y 2120000
X 1339685  Y 1710000
X 1320000  Y 1710000
X 1359370  Y 1710000
X 1379055  Y 1710000
X 1410000  Y 1710000
X 1429685  Y 1710000
X 1379055  Y 2120000
X 1429685  Y 2120000
X 1410000  Y 2120000
X 1449370  Y 2120000
X 1469055  Y 2120000
X 1500000  Y 2120000
X 1519685  Y 2120000
X 1449370  Y 1710000
X 1480000  Y 1710000
X 1499685  Y 1710000
X 1519370  Y 1710000
X 1539055  Y 1710000
X 1570000  Y 1710000
X 1589685  Y 1710000
X 1609370  Y 1710000
X 1559055  Y 2120000
X 1619685  Y 2120000
X 1600000  Y 2120000
X 1539370  Y 2120000
X 1650000  Y 2120000
X 1669685  Y 2120000
X 1660000  Y 1710000
X 1629055  Y 1710000
X 1679685  Y 1710000
X 1730000  Y 1730000
X 1730000  Y 1749685
X 1730000  Y 1770000
X 1730000  Y 1789685
X 1730000  Y 1810000
X 1730000  Y 1829685
X 1730000  Y 1850000
X 1730000  Y 1869685
X 1730000  Y 1890000
X 1730000  Y 1909685
X 1730000  Y 1930000
X 1730000  Y 1949685
X 1730000  Y 1970000
X 1730000  Y 1989685
X 1730000  Y 2010000
X 1730000  Y 2029685
X 1730000  Y 2050000
X 1730000  Y 2069685
X 1730000  Y 2090000
X 1730000  Y 2109685
Drill: .09843  Tool: 4  Feed: 66  Speed: 550
X 1231496  Y 2021220
X 1231496  Y 2068622
Drill: .13386  Tool: 5  Feed: 35  Speed: 794
X 1340000  Y 1865000
X 1345000  Y 2060000
X 1640000  Y 2090000
X 1680000  Y 1805000
Drill: .1378  Tool: 6  Feed: 35  Speed: 794
X 1673000  Y 1838500
X 1671000  Y 2034000
End of Listing
